<?xml version="1.0" encoding="UTF-8"?>
<!-- Generated by org.testng.reporters.JUnitXMLReporter -->
<testsuite ignored="0" hostname="Hamim" failures="1" tests="3" name="runner" time="13.841" errors="0" timestamp="2022-11-28T20:30:48 EST">
  <testcase classname="com.qa.e2e.admin.MainTest" name="validate_user_login_with_valid_credentials" time="4.617"/>
  <testcase classname="com.qa.e2e.admin.MainTest" name="validate_user_login_with_valid_credentials_2" time="2.961"/>
  <testcase classname="com.qa.e2e.admin.MainTest" name="validate_user_login_with_valid_credentials_3" time="2.646">
    <failure type="org.openqa.selenium.NoSuchElementException" message="no such element: Unable to locate element: {&amp;quot;method&amp;quot;:&amp;quot;xpath&amp;quot;,&amp;quot;selector&amp;quot;:&amp;quot;//nav/ul[@role=&amp;apos;menu&amp;apos;]/li/a/p[contains(text(), &amp;apos;Catalog&amp;apos;)]//ancestor::a//following-sibling::ul/li/a//p[contains(text(), &amp;apos;dajksjdksajd&amp;apos;)]&amp;quot;}
  (Session info: chrome=107.0.5304.122)
For documentation on this error, please visit: https://www.seleniumhq.org/exceptions/no_such_element.html
Build info: version: &amp;apos;3.141.59&amp;apos;, revision: &amp;apos;e82be7d358&amp;apos;, time: &amp;apos;2018-11-14T08:17:03&amp;apos;
System info: host: &amp;apos;Hamim&amp;apos;, ip: &amp;apos;172.29.96.1&amp;apos;, os.name: &amp;apos;Windows 11&amp;apos;, os.arch: &amp;apos;amd64&amp;apos;, os.version: &amp;apos;10.0&amp;apos;, java.version: &amp;apos;11.0.14&amp;apos;
Driver info: org.openqa.selenium.chrome.ChromeDriver
Capabilities {acceptInsecureCerts: false, browserName: chrome, browserVersion: 107.0.5304.122, chrome: {chromedriverVersion: 107.0.5304.62 (1eec40d3a576..., userDataDir: C:\Users\hamim\AppData\Loca...}, goog:chromeOptions: {debuggerAddress: localhost:61823}, javascriptEnabled: true, networkConnectionEnabled: false, pageLoadStrategy: normal, platform: WINDOWS, platformName: WINDOWS, proxy: Proxy(), setWindowRect: true, strictFileInteractability: false, timeouts: {implicit: 0, pageLoad: 300000, script: 30000}, unhandledPromptBehavior: dismiss and notify, webauthn:extension:credBlob: true, webauthn:extension:largeBlob: true, webauthn:virtualAuthenticators: true}
Session ID: a0f95e06d6406bf85ca53543c564345d
*** Element info: {Using=xpath, value=//nav/ul[@role=&amp;apos;menu&amp;apos;]/li/a/p[contains(text(), &amp;apos;Catalog&amp;apos;)]//ancestor::a//following-sibling::ul/li/a//p[contains(text(), &amp;apos;dajksjdksajd&amp;apos;)]}">
      <![CDATA[org.openqa.selenium.NoSuchElementException: no such element: Unable to locate element: {"method":"xpath","selector":"//nav/ul[@role='menu']/li/a/p[contains(text(), 'Catalog')]//ancestor::a//following-sibling::ul/li/a//p[contains(text(), 'dajksjdksajd')]"}
  (Session info: chrome=107.0.5304.122)
For documentation on this error, please visit: https://www.seleniumhq.org/exceptions/no_such_element.html
Build info: version: '3.141.59', revision: 'e82be7d358', time: '2018-11-14T08:17:03'
System info: host: 'Hamim', ip: '172.29.96.1', os.name: 'Windows 11', os.arch: 'amd64', os.version: '10.0', java.version: '11.0.14'
Driver info: org.openqa.selenium.chrome.ChromeDriver
Capabilities {acceptInsecureCerts: false, browserName: chrome, browserVersion: 107.0.5304.122, chrome: {chromedriverVersion: 107.0.5304.62 (1eec40d3a576..., userDataDir: C:\Users\hamim\AppData\Loca...}, goog:chromeOptions: {debuggerAddress: localhost:61823}, javascriptEnabled: true, networkConnectionEnabled: false, pageLoadStrategy: normal, platform: WINDOWS, platformName: WINDOWS, proxy: Proxy(), setWindowRect: true, strictFileInteractability: false, timeouts: {implicit: 0, pageLoad: 300000, script: 30000}, unhandledPromptBehavior: dismiss and notify, webauthn:extension:credBlob: true, webauthn:extension:largeBlob: true, webauthn:virtualAuthenticators: true}
Session ID: a0f95e06d6406bf85ca53543c564345d
*** Element info: {Using=xpath, value=//nav/ul[@role='menu']/li/a/p[contains(text(), 'Catalog')]//ancestor::a//following-sibling::ul/li/a//p[contains(text(), 'dajksjdksajd')]}
at org.openqa.selenium.remote.http.W3CHttpResponseCodec.createException(W3CHttpResponseCodec.java:187)
at org.openqa.selenium.remote.http.W3CHttpResponseCodec.decode(W3CHttpResponseCodec.java:122)
at org.openqa.selenium.remote.http.W3CHttpResponseCodec.decode(W3CHttpResponseCodec.java:49)
at org.openqa.selenium.remote.HttpCommandExecutor.execute(HttpCommandExecutor.java:158)
at org.openqa.selenium.remote.service.DriverCommandExecutor.execute(DriverCommandExecutor.java:83)
at org.openqa.selenium.remote.RemoteWebDriver.execute(RemoteWebDriver.java:552)
at org.openqa.selenium.remote.RemoteWebDriver.findElement(RemoteWebDriver.java:323)
at org.openqa.selenium.remote.RemoteWebDriver.findElementByXPath(RemoteWebDriver.java:428)
at org.openqa.selenium.By$ByXPath.findElement(By.java:353)
at org.openqa.selenium.remote.RemoteWebDriver.findElement(RemoteWebDriver.java:315)
at com.qa.lib.Wait.waitForEle(Wait.java:17)
at com.qa.lib.getElement.byXpath(getElement.java:11)
at com.qa.lib.AppNavigate.navigateTo(AppNavigate.java:19)
at com.qa.e2e.admin.MainTest.validate_user_login_with_valid_credentials_3(MainTest.java:46)
at java.base/java.util.ArrayList.forEach(ArrayList.java:1541)
... Removed 34 stack frames]]>
    </failure>
  </testcase> <!-- validate_user_login_with_valid_credentials_3 -->
</testsuite> <!-- runner -->
